<?xml version="1.0" encoding="UTF-8"?>
<testsuite xmlns:xsi="http://www.w3.org/2001/XMLSchema-instance" xsi:schemaLocation="https://maven.apache.org/surefire/maven-surefire-plugin/xsd/surefire-test-report.xsd" name="ru.spbau.egorov.hw_1.ThreadPoolImplTest" time="1.698" tests="6" errors="0" skipped="0" failures="0">
  <properties>
[...]
</properties>
  <testcase name="fourThreadsThenApplyCheckOrder" classname="ru.spbau.egorov.hw_1.ThreadPoolImplTest" time="0.033"/>
  <testcase name="fourThreadsAddTaskException" classname="ru.spbau.egorov.hw_1.ThreadPoolImplTest" time="0.007"/>
  <testcase name="fourThreadsApplyThousandTimes" classname="ru.spbau.egorov.hw_1.ThreadPoolImplTest" time="0.584"/>
  <testcase name="fourThreadsShutdown" classname="ru.spbau.egorov.hw_1.ThreadPoolImplTest" time="0"/>
  <testcase name="fiveThreadsApplyTwoTimes" classname="ru.spbau.egorov.hw_1.ThreadPoolImplTest" time="0.451"/>
  <testcase name="fourThreadsThenApplyException" classname="ru.spbau.egorov.hw_1.ThreadPoolImplTest" time="0.543"/>
</testsuite>